[sync_short.cc] loaded SO mapping: 7f5f33567000-7f5f33579000 r--p 00000000 08:20 113854                     /home/ido/git/wifi-classification/external/build/lib/libgnuradio-ieee802_11.so.v1.1-compat-xxx-xunknown
LS
FRAME EQUALIZER: input 40  output 24
epsilon: -9.57249e-18
sync CFO [Hz] short: -4.95883e-08 long: -2.79274e-12 diff(short-long): -4.95855e-08
SIGNAL: wrong parity
FRAME EQUALIZER: input 3  output 3
FRAME EQUALIZER: input 25  output 24
FRAME EQUALIZER: input 25  output 24
FRAME EQUALIZER: input 1  output 1
FRAME EQUALIZER: input 17  output 12
FRAME EQUALIZER: input 16  output 12
FRAME EQUALIZER: input 12  output 12
FRAME EQUALIZER: input 4  output 3
FRAME EQUALIZER: input 25  output 24
FRAME EQUALIZER: input 28  output 24
FRAME EQUALIZER: input 51  output 48
FRAME EQUALIZER: input 4  output 3
FRAME EQUALIZER: input 32  output 24
FRAME EQUALIZER: input 16  output 12
FRAME EQUALIZER: input 25  output 24
FRAME EQUALIZER: input 26  output 24
FRAME EQUALIZER: input 51  output 48
FRAME EQUALIZER: input 26  output 24
FRAME EQUALIZER: input 25  output 24
FRAME EQUALIZER: input 42  output 24
FRAME EQUALIZER: input 9  output 6
FRAME EQUALIZER: input 23  output 12
FRAME EQUALIZER: input 4  output 3
FRAME EQUALIZER: input 2  output 1
FRAME EQUALIZER: input 1  output 1
FRAME EQUALIZER: input 12  output 12
epsilon: -5.85053e-06
sync CFO [Hz] short: -30468.4 long: -162.639 diff(short-long): -30305.8
Encoding: 3 Mbit/s   frame_equalizer :info: encoding: 0 - length: 364 - symbols: 123
Decode MAC: input 9
Decode MAC: frame start -- len 364  symbols 123  encoding 0
copy one symbol, copied 0 out of 123
copy one symbol, copied 1 out of 123
copy one symbol, copied 2 out of 123
copy one symbol, copied 3 out of 123
copy one symbol, copied 4 out of 123
copy one symbol, copied 5 out of 123
copy one symbol, copied 6 out of 123
copy one symbol, copied 7 out of 123
copy one symbol, copied 8 out of 123
FRAME EQUALIZER: input 26  output 24
FRAME EQUALIZER: input 15  output 12
Decode MAC: input 24
copy one symbol, copied 9 out of 123
copy one symbol, copied 10 out of 123
copy one symbol, copied 11 out of 123
copy one symbol, copied 12 out of 123
copy one symbol, copied 13 out of 123
copy one symbol, copied 14 out of 123
copy one symbol, copied 15 out of 123
copy one symbol, copied 16 out of 123
copy one symbol, copied 17 out of 123
copy one symbol, copied 18 out of 123
copy one symbol, copied 19 out of 123
FRAME EQUALIZER: input copy one symbol, copied 9  output 6
20 out of 123
FRAME EQUALIZER: input 3  output 3
copy one symbol, copied 21 out of 123
FRAME EQUALIZER: input 4  output copy one symbol, copied 22 out of 123
copy one symbol, copied 23 out of 123
copy one symbol, copied 24 out of 123
3copy one symbol, copied 25 out of 123
copy one symbol, copied 26 out of 123

copy one symbol, copied 27 out of 123
copy one symbol, copied 28 out of 123
copy one symbol, copied 29 out of 123
copy one symbol, copied 30 out of 123
copy one symbol, copied 31 out of 123
copy one symbol, copied 32 out of 123
Decode MAC: input 21
copy one symbol, copied 33 out of 123
copy one symbol, copied 34 out of 123
copy one symbol, copied 35 out of 123
copy one symbol, copied 36 out of 123
copy one symbol, copied 37 out of 123
copy one symbol, copied 38 out of 123
copy one symbol, copied 39 out of 123
copy one symbol, copied 40 out of 123
copy one symbol, copied 41 out of 123
copy one symbol, copied 42 out of 123
copy one symbol, copied 43 out of 123
copy one symbol, copied 44 out of 123
copy one symbol, copied 45 out of 123
FRAME EQUALIZER: input 1  output 1
copy one symbol, copied 46 out of 123
FRAME EQUALIZER: input copy one symbol, copied 47 out of 123
copy one symbol, copied 5548 out of 123
copy one symbol, copied 49 out of 123
copy one symbol, copied 50 out of 123
copy one symbol, copied 51 out of 123
copy one symbol, copied 52 out of 123
copy one symbol, copied 53 out of 123
  output 48
Decode MAC: input 4
copy one symbol, copied 54 out of 123
copy one symbol, copied 55 out of 123
copy one symbol, copied 56 out of 123
copy one symbol, copied 57 out of 123
FRAME EQUALIZER: input 48  output 48
Decode MAC: input 48
copy one symbol, copied 58 out of 123
copy one symbol, copied 59 out of 123
copy one symbol, copied 60 out of 123
copy one symbol, copied 61 out of 123
copy one symbol, copied 62 out of 123
copy one symbol, copied 63 out of 123
copy one symbol, copied 64 out of 123
copy one symbol, copied 65 out of 123
copy one symbol, copied 66 out of 123
copy one symbol, copied 67 out of 123
copy one symbol, copied 68 out of 123
copy one symbol, copied 69 out of 123
epsilon: copy one symbol, copied 70 out of 123
copy one symbol, copied 71 out of 123
copy one symbol, copied 72 out of 123
-6.1701e-06copy one symbol, copied 
sync CFO [Hz] short: -25610.4 long: 6350.71 diff(short-long): -31961.1
73 out of 123
copy one symbol, copied 74 out of 123
copy one symbol, copied 75 out of 123
copy one symbol, copied Encoding: 3 Mbit/s   76 out of 123
copy one symbol, copied 77 out of 123
copy one symbol, copied 78frame_equalizer :info: encoding: 0 - length: 121 - symbols: 42
 out of 123
copy one symbol, copied 79 out of 123
copy one symbol, copied 80 out of 123
copy one symbol, copied 81 out of 123
copy one symbol, copied 82 out of 123
copy one symbol, copied 83 out of 123
epsilon: copy one symbol, copied 84 out of 123
copy one symbol, copied -7.82375e-0685
 out of sync CFO [Hz] short: -34176.3 long: 6350.71 diff(short-long): -40527
123
copy one symbol, copied 86 out of 123
Encoding: 12 Mbit/s   copy one symbol, copied frame_equalizer :info: encoding: 4 - length: 2454 - symbols: 205
87 out of 123
copy one symbol, copied 88 out of 123
copy one symbol, copied 89 out of 123
copy one symbol, copied 90 out of 123
copy one symbol, copied 91 out of 123
copy one symbol, copied 92 out of 123
copy one symbol, copied 93 out of 123
copy one symbol, copied 94 out of 123
copy one symbol, copied 95 out of 123
copy one symbol, copied 96 out of 123
copy one symbol, copied 97 out of 123
copy one symbol, copied 98 out of 123
copy one symbol, copied 99 out of 123
copy one symbol, copied 100 out of 123
copy one symbol, copied 101 out of 123
copy one symbol, copied 102 out of 123
copy one symbol, copied 103 out of 123
copy one symbol, copied 104 out of 123
copy one symbol, copied 105 out of 123
FRAME EQUALIZER: input 74  output 48
Decode MAC: input 42
epsilon: copy one symbol, copied 106 out of 123
-3.68988e-05
sync CFO [Hz] short: -184785 long: 6350.71 diff(short-long): -191136
copy one symbol, copied 107 out of 123
copy one symbol, copied 108 out of 123
copy one symbol, copied 109 out of 123
SIGNAL: wrong parity
copy one symbol, copied epsilon: -5.87907e-06
sync CFO [Hz] short: -31097.1 long: -643.531 diff(short-long): -30453.6
110 out of 123
copy one symbol, copied 111 out of 123
copy one symbol, copied 112 out of 123
copy one symbol, copied 113 out of 123
Encoding: 3 Mbit/s   copy one symbol, copied frame_equalizer :info: encoding: 0 - length: 139 - symbols: 48
114 out of 123
copy one symbol, copied 115 out of 123
copy one symbol, copied 116 out of 123
copy one symbol, copied 117 out of 123
copy one symbol, copied 118 out of 123
copy one symbol, copied 119 out of 123
epsilon: Warning: starting to receive new frame before old frame was complete
Already copied 120 out of 123 symbols of last frame
-7.9904e-06
sync CFO [Hz] short: Dropping frame which is too large (symbols or bits)-42033.8
 long: copy one symbol, copied 120 out of 123
copy one symbol, copied 121 out of 123
copy one symbol, copied 122 out of 123
received complete frame - decoding
-643.531 diff(short-long): -41390.3
SIGNAL: wrong parity
FRAME EQUALIZER: input 44  output 24
epsilon: 1.9017e-05
sync CFO [Hz] short: 97864.7 long: -643.531 diff(short-long): 98508.3

psdu size364
80 00 00 00 ff ff ff ff ff ff 88 29 85 53 
c3 41 88 29 85 53 c3 41 30 8d 39 a0 da 0c 00 00 
00 00 64 00 11 00 00 0d 44 4a 49 2d 4e 45 4f 32 
2d 43 33 34 31 01 08 8c 12 98 24 b0 48 60 6c 03 
01 24 05 04 00 02 00 00 30 14 01 00 00 0f ac 04 
01 00 00 0f ac 04 01 00 00 0f ac 02 0c 00 3b 02 
80 00 2d 1a ce 09 1f ff ff 00 00 01 00 00 00 00 
00 2c 01 01 00 00 00 00 00 00 00 00 00 00 3d 16 
24 05 04 00 00 00 00 00 00 00 00 00 00 00 00 00 
00 00 00 00 00 00 7f 08 04 00 00 00 00 00 00 40 
bf 0c a1 01 80 03 fa ff 0c 03 fa ff 0c 03 c0 05 
01 2a 00 fc ff c3 04 02 2e 2e 2e ff 1c 23 00 00 
02 00 00 00 06 e0 2f 5b 0d c0 ef 00 02 30 00 fa 
ff fa ff 39 1c c7 71 1c 07 ff 07 24 f0 3f 00 ad 
fa ff dd 18 00 50 f2 02 01 01 01 00 03 a4 00 00 
27 a4 00 00 42 43 5e 00 62 32 2f 00 dd 6c fa 0b 
bc 0d fa f1 19 04 01 12 31 35 38 31 46 41 36 51 
43 32 35 42 4d 30 30 43 56 51 31 59 00 00 00 11 
22 b5 00 00 1a c2 1c 13 39 6b ce 14 a3 07 48 08 
d1 07 2c 44 d5 85 01 unknown encoding00 31 00 00 00 00 00 00 00 
00 00 00 00 00 00 00 00 00 00 00 00 00 00 00 00 
00 41 05 e7 b5 1c 13 38 62 ce 14 01 00 00 00 00 
00 00 01 46 08 00 00 00 1f 4f 28 4c c2 2d 
...........).S.A.).S.A0.9.......d.....DJI-NEO2-C341.....$.H`l..$......0.....................;...-..............,............=.$..............................@.................*...........#......../[.....0.....9
..q....$.?.......P..........'...BC^.b2/..l..........1581FA6QC25BM00CVQ1Y....".......9k....H...,D....1........................A.....8b..........F.....O(L.-
CRC3222(payllload) ttt calc=0xf9dd4905  fcs_le=0x2dc24c28  fcs_be=0x284cc22d
CRC NO MATCH (likely bit errors OR packing issue upstream)
decode_mac :info: encoding: 0 - length: 364 - symbols: 123
checksum wrong -- publishing to out_fail
Decode MAC: input 26
FRAME EQUALIZER: input 26  output 24
FRAME EQUALIZER: input 25  output 24
FRAME EQUALIZER: input 42  output 24
FRAME EQUALIZER: input 9  output 6
FRAME EQUALIZER: input 26  output 24
FRAME EQUALIZER: input 26  output 24
FRAME EQUALIZER: input 13  output 12
FRAME EQUALIZER: input 25  output 24
FRAME EQUALIZER: input 4  output 3
FRAME EQUALIZER: input 32  output 24
FRAME EQUALIZER: input 52  output 48
FRAME EQUALIZER: input 30  output 24
FRAME EQUALIZER: input 16  output 12
FRAME EQUALIZER: input 32  output 24
FRAME EQUALIZER: input 52  output 48
FRAME EQUALIZER: input 51  output 48
FRAME EQUALIZER: input 13  output 12
FRAME EQUALIZER: input 25  output 24
FRAME EQUALIZER: input 1  output 1
FRAME EQUALIZER: input 17  output 12
epsilon: -5.92384e-06
sync CFO [Hz] short: -30363.2 long: 322.316 diff(short-long): -30685.5
Encoding: 12 Mbit/s   frame_equalizer :info: encoding: 4 - length: 20 - symbols: 2
FRAME EQUALIZER: input 3  output 3
epsilon: -6.07579e-06
sync CFO [Hz] short: -35008.4 long: -3535.83 diff(short-long): -31472.6
Decode MAC: input 2
Encoding: 3 Mbit/s   frame_equalizer :info: encoding: 0 - length: 412 - symbols: 139
Decode MAC: frame start -- len 20  symbols 2  encoding 4
copy one symbol, copied 0 out of 2
copy one symbol, copied 1 out of 2
received complete frame - decoding

psdu size20
b4 00 ac 02 da a7 d7 0f c5 82 88 29 85 53 
c3 41 1d 7f e4 db 
...........).S.A....
CRC3222(payllload) ttt calc=0xdbe47f1d  fcs_le=0xdbe47f1d  fcs_be=0x1d7fe4db
CRC MATCH (little-endian FCS)
decode_mac :info: encoding: 4 - length: 20 - symbols: 2
FRAME EQUALIZER: input 89  output 48
epsilon: -9.92866e-06
sync CFO [Hz] short: -54966.3 long: -3535.83 diff(short-long): -51430.5
SIGNAL: wrong parity
FRAME EQUALIZER: input 40  output 24
FRAME EQUALIZER: input 13  output 12
epsilon: -4.94805e-05
sync CFO [Hz] short: -259845 long: -3535.83 diff(short-long): -256309
SIGNAL: wrong parity
FRAME EQUALIZER: input 16  output 12
FRAME EQUALIZER: input 2  output 1
epsilon: -5.47957e-06
sync CFO [Hz] short: -29898.2 long: -1513.96 diff(short-long): -28384.2
FRAME EQUALIZER: input 8  output 6
epsilon: 0.000114004
sync CFO [Hz] short: 589027 long: -1513.96 diff(short-long): 590541
Encoding: 6 Mbit/s   frame_equalizer :info: encoding: 2 - length: 3653 - symbols: 610
Decode MAC: input 5FRAME EQUALIZER: input 3  output 3
epsilon: -5.71804e-06

sync CFO [Hz] short: -27167.1 long: 2452.31 diff(short-long): -29619.5
Dropping frame which is too large (symbols or bits)
Encoding: 3 Mbit/s   frame_equalizer :info: encoding: 0 - length: 1114 - symbols: 373
FRAME EQUALIZER: input 32  output 24
epsilon: -6.76239e-06
sync CFO [Hz] short: -32576.9 long: 2452.31 diff(short-long): -35029.2
unknown encoding
FRAME EQUALIZER: input 16  output 12
FRAME EQUALIZER: input 1  output 1
FRAME EQUALIZER: input 52  output 48
FRAME EQUALIZER: input 55  output 48
FRAME EQUALIZER: input 21  output 12
FRAME EQUALIZER: input 4  output 3
FRAME EQUALIZER: input 32  output 24
FRAME EQUALIZER: input 16  output 12
FRAME EQUALIZER: input 24  output 24
FRAME EQUALIZER: input 1  output 1
FRAME EQUALIZER: input 26  output 24
FRAME EQUALIZER: input 25  output 24
FRAME EQUALIZER: input 57  output 48
FRAME EQUALIZER: input 17  output 12
epsilon: -6.80319e-06
sync CFO [Hz] short: -32788.2 long: 2452.31 diff(short-long): -35240.5
unknown encoding
FRAME EQUALIZER: input 1  output 1
FRAME EQUALIZER: input 2  output 1
epsilon: -6.11471e-06
sync CFO [Hz] short: -28669.6 long: 3004.56 diff(short-long): -31674.2
FRAME EQUALIZER: input 11  output 6
epsilon: -6.42822e-05
sync CFO [Hz] short: -329977 long: 3004.56 diff(short-long): -332982
SIGNAL: wrong parity
epsilon: -5.82012e-06
sync CFO [Hz] short: -28176.9 long: 1971.33 diff(short-long): -30148.2
Encoding: 3 Mbit/s   frame_equalizer :info: encoding: 0 - length: 1114 - symbols: 373
FRAME EQUALIZER: input 60  output 48
epsilon: -6.13115e-06
sync CFO [Hz] short: -29788 long: 1971.33 diff(short-long): -31759.3
SIGNAL: wrong parity
FRAME EQUALIZER: input 16  output 12
FRAME EQUALIZER: input 9  output 6
FRAME EQUALIZER: input 26  output 24
FRAME EQUALIZER: input 4  output 3
FRAME EQUALIZER: input 32  output 24
FRAME EQUALIZER: input 37  output 24
FRAME EQUALIZER: input 3  output 3
FRAME EQUALIZER: input 26  output 24
FRAME EQUALIZER: input 77  output 48
FRAME EQUALIZER: input 38  output 24
FRAME EQUALIZER: input 34  output 24
FRAME EQUALIZER: input 16  output 12
epsilon: 3.64691e-05
sync CFO [Hz] short: 190881 long: 1971.33 diff(short-long): 188910
unknown encoding
FRAME EQUALIZER: input 3  output 3
epsilon: -5.72591e-06
sync CFO [Hz] short: -27906.3 long: 1753.95 diff(short-long): -29660.2
Encoding: 3 Mbit/s   frame_equalizer :info: encoding: 0 - length: 139 - symbols: 48
FRAME EQUALIZER: input 37  output 24
epsilon: -6.50088e-06
sync CFO [Hz] short: -31920.6 long: 1753.95 diff(short-long): -33674.5
SIGNAL: wrong parity
FRAME EQUALIZER: input 64  output 48
epsilon: 8.17327e-05
sync CFO [Hz] short: 425129 long: 1753.95 diff(short-long): 423375
SIGNAL: wrong parity
FRAME EQUALIZER: input 34  output 24
FRAME EQUALIZER: input 51  output 48
FRAME EQUALIZER: input 16  output 12
FRAME EQUALIZER: input 38  output 24
FRAME EQUALIZER: input 26  output 24
FRAME EQUALIZER: input 25  output 24
FRAME EQUALIZER: input 13  output 12
FRAME EQUALIZER: input 38  output 24
FRAME EQUALIZER: input 26  output 24
FRAME EQUALIZER: input 26  output 24
FRAME EQUALIZER: input 51  output 48
FRAME EQUALIZER: input 16  output 12
FRAME EQUALIZER: input 35  output 24
FRAME EQUALIZER: input 29  output 24
FRAME EQUALIZER: input 22  output 12
FRAME EQUALIZER: input 22  output 12
FRAME EQUALIZER: input 1  output 1
FRAME EQUALIZER: input 2  output 1
epsilon: -6.01762e-06
sync CFO [Hz] short: -30147.7 long: 1023.61 diff(short-long): -31171.3
FRAME EQUALIZER: input 19  output 12
epsilon: -8.10829e-05
sync CFO [Hz] short: -418986 long: 1023.61 diff(short-long): -420009
Encoding: 12 Mbit/s   frame_equalizer :info: encoding: 4 - length: 2445 - symbols: 204
FRAME EQUALIZER: input 4  output 3
Decode MAC: input 12
FRAME EQUALIZER: input 4  output 3
epsilon: -6.05194e-06
sync CFO [Hz] short: -31534.6 long: -185.521 diff(short-long): -31349
Warning: starting to receive new frame before old frame was complete
Already copied 2 out of 2 symbols of last frame
Encoding: 3 Mbit/s   frame_equalizer :info: encoding: 0 - length: 1785 - symbols: 596
Dropping frame which is too large (symbols or bits)
FRAME EQUALIZER: input 18  output 12
Decode MAC: input 4
epsilon: 2.07092e-05
sync CFO [Hz] short: 107088 long: -185.521 diff(short-long): 107274
SIGNAL: wrong parity
FRAME EQUALIZER: input 2  output 1
epsilon: -5.78384e-06
sync CFO [Hz] short: -30645 long: -684.711 diff(short-long): -29960.3
FRAME EQUALIZER: input 1  output 1
Encoding: 12 Mbit/s   frame_equalizer :info: encoding: 4 - length: 32 - symbols: 3
FRAME EQUALIZER: input 64  output 48
epsilon: -8.34108e-06
sync CFO [Hz] short: -43891.5 long: -684.711 diff(short-long): -43206.8
SIGNAL: wrong parity
FRAME EQUALIZER: input 26  output 24
FRAME EQUALIZER: input 26  output 24
FRAME EQUALIZER: input 4  output 3
FRAME EQUALIZER: input 40  output 24
FRAME EQUALIZER: input 58  output 48
FRAME EQUALIZER: input 32  output 24
FRAME EQUALIZER: input 13  output 12
FRAME EQUALIZER: input 51  output 48
FRAME EQUALIZER: input 29  output 24
FRAME EQUALIZER: input 25  output 24
FRAME EQUALIZER: input 55  output 48
FRAME EQUALIZER: input 25  output 24
FRAME EQUALIZER: input 51  output 48
FRAME EQUALIZER: input 16  output 12
FRAME EQUALIZER: input 17  output 12
================================================================================
gr-ieee802-11 WiFi Receiver v14 - Constellation Detection
================================================================================
Input:  /mnt/c/Users/Public/Documents/Wify/Py_script/cfiles/Neo2_19_02/Neo2-Wifi-5180MHz-02-19-26-15h57m06s639_0001_20mhz_SNR_Both_dB.cfile
Output: /tmp/wifi_output_radiotap.pcap
Mode:   Verbose
================================================================================

Processing file until EOF (Ctrl-C to stop)...


================================================================================
FRAME #1 SUMMARY
================================================================================

📋 BASIC INFO:
  • Size: 360 bytes
  • Type/Subtype: Management / Beacon
  • DS Direction: IBSS/ad-hoc

📊 LINK METRICS:
  • SNR: -1.7 dB
  • CFO: -40527.02 Hz (-40.53 kHz)

📬 ADDRESSES:
  • ADDR1     : ff:ff:ff:ff:ff:ff  [UNKNOWN_ff:ff:ff]
  • ADDR2     : 88:29:85:53:c3:41  [UNKNOWN_53:c3:41]
  • ADDR3     : 88:29:85:53:c3:41  [UNKNOWN_53:c3:41]
  • TX (TA/SA): 88:29:85:53:c3:41  [UNKNOWN_53:c3:41]
  • RX (RA/DA): ff:ff:ff:ff:ff:ff  [UNKNOWN_ff:ff:ff]
  • BSSID     : 88:29:85:53:c3:41  [UNKNOWN_53:c3:41]

📶 NETWORK:
  • SSID: 'DJI-NEO2-C341'
================================================================================
CHECKSUM: Checksum FAILED - FCS

================================================================================
FRAME #2 SUMMARY
================================================================================

📋 BASIC INFO:
  • Size: 16 bytes
  • Type/Subtype: Control / RTS
  • DS Direction: IBSS/ad-hoc

📊 LINK METRICS:
  • SNR: 25.4 dB
  • CFO: -30685.49 Hz (-30.69 kHz)

📬 ADDRESSES:
  • ADDR1     : da:a7:d7:0f:c5:82  [UNKNOWN_0f:c5:82]
  • ADDR2     : 88:29:85:53:c3:41  [UNKNOWN_53:c3:41]
  • TA        : 88:29:85:53:c3:41  [UNKNOWN_53:c3:41]
  • RA        : da:a7:d7:0f:c5:82  [UNKNOWN_0f:c5:82]
================================================================================
CHECKSUM: Checksum PASSED

================================================================================
FINAL FRAME STATISTICS SUMMARY
================================================================================

📊 DECODE STATISTICS:
  Total frames processed: 2
  ✅ Checksum PASSED: 1
  ❌ Checksum FAILED: 1
  Success rate: 50.0%

📋 FRAME TYPE BREAKDOWN:
  • Control/RTS: 1

⚠️  ERROR CATEGORIES:
  • FCS: 1

📱 UNIQUE MAC ADDRESSES (2):
  • 88:29:85:53:c3:41
  • da:a7:d7:0f:c5:82
================================================================================

================================================================================
✓ Processing complete!
✓ Handler saw 2 PDUs (good+bad if published)
✓ Written Radiotap PCAP to: /tmp/wifi_output_radiotap.pcap
================================================================================
